[debug] [2020-09-14T15:13:02.036Z] ----------------------------------------------------------------------
[debug] [2020-09-14T15:13:02.038Z] Command:       C:\Program Files\nodejs\node.exe C:\Users\jobrown\AppData\Roaming\npm\node_modules\firebase-tools\lib\bin\firebase.js emulators:start
[debug] [2020-09-14T15:13:02.038Z] CLI Version:   8.10.0
[debug] [2020-09-14T15:13:02.038Z] Platform:      win32
[debug] [2020-09-14T15:13:02.038Z] Node Version:  v14.9.0
[debug] [2020-09-14T15:13:02.039Z] Time:          Mon Sep 14 2020 10:13:02 GMT-0500 (Eastern Standard Time)
[debug] [2020-09-14T15:13:02.039Z] ----------------------------------------------------------------------
[debug] [2020-09-14T15:13:02.039Z] 
[debug] [2020-09-14T15:13:02.046Z] > command requires scopes: ["email","openid","https://www.googleapis.com/auth/cloudplatformprojects.readonly","https://www.googleapis.com/auth/firebase","https://www.googleapis.com/auth/cloud-platform"]
[debug] [2020-09-14T15:13:02.046Z] > authorizing via signed-in user
[info] i  emulators: Starting emulators: functions, hosting {"metadata":{"emulator":{"name":"hub"},"message":"Starting emulators: functions, hosting"}}
[debug] [2020-09-14T15:13:02.072Z] [hub] writing locator at C:\Users\jobrown\AppData\Local\Temp\hub-clone-d0217.json
[warn] !  functions: The following emulators are not running, calls to these services from the Functions emulator will affect production: firestore, database, pubsub {"metadata":{"emulator":{"name":"functions"},"message":"The following emulators are not running, calls to these services from the Functions emulator will affect production: \u001b[1mfirestore, database, pubsub\u001b[22m"}}
[warn] !  Your requested "node" version "10" doesn't match your global version "14" {"metadata":{"emulator":{"name":"functions"},"message":"Your requested \"node\" version \"10\" doesn't match your global version \"14\""}}
[debug] [2020-09-14T15:13:02.101Z] defaultcredentials: writing to file C:\Users\jobrown\AppData\Roaming\firebase\joelakeem11_gmail_com_application_default_credentials.json
[debug] [2020-09-14T15:13:02.103Z] Setting GAC to C:\Users\jobrown\AppData\Roaming\firebase\joelakeem11_gmail_com_application_default_credentials.json {"metadata":{"emulator":{"name":"functions"},"message":"Setting GAC to C:\\Users\\jobrown\\AppData\\Roaming\\firebase\\joelakeem11_gmail_com_application_default_credentials.json"}}
[debug] [2020-09-14T15:13:02.109Z] >>> HTTP REQUEST GET https://firebase.googleapis.com/v1beta1/projects/clone-d0217/webApps/-/config  
 
[debug] [2020-09-14T15:13:03.194Z] <<< HTTP RESPONSE 200 {"content-type":"application/json; charset=UTF-8","vary":"X-Origin, Referer, Origin,Accept-Encoding","date":"Mon, 14 Sep 2020 15:13:03 GMT","server":"ESF","cache-control":"private","x-xss-protection":"0","x-frame-options":"SAMEORIGIN","x-content-type-options":"nosniff","alt-svc":"h3-29=\":443\"; ma=2592000,h3-27=\":443\"; ma=2592000,h3-T051=\":443\"; ma=2592000,h3-T050=\":443\"; ma=2592000,h3-Q050=\":443\"; ma=2592000,h3-Q046=\":443\"; ma=2592000,h3-Q043=\":443\"; ma=2592000,quic=\":443\"; ma=2592000; v=\"46,43\"","accept-ranges":"none","transfer-encoding":"chunked"}
[info] i  hosting: Serving hosting files from: build {"metadata":{"emulator":{"name":"hosting"},"message":"Serving hosting files from: \u001b[1mbuild\u001b[22m"}}
[info] +  hosting: Local server: http://localhost:5000 {"metadata":{"emulator":{"name":"hosting"},"message":"Local server: \u001b[4m\u001b[1mhttp://localhost:5000\u001b[22m\u001b[24m"}}
[debug] [2020-09-14T15:13:03.218Z] Ignoring unsupported arg: auto_download {"metadata":{"emulator":{"name":"ui"},"message":"Ignoring unsupported arg: auto_download"}}
[debug] [2020-09-14T15:13:03.218Z] Ignoring unsupported arg: port {"metadata":{"emulator":{"name":"ui"},"message":"Ignoring unsupported arg: port"}}
[debug] [2020-09-14T15:13:03.219Z] Starting Emulator UI with command {"binary":"node","args":["C:\\Users\\jobrown\\.cache\\firebase\\emulators\\ui-v1.1.1\\server.bundle.js"],"optionalArgs":[],"joinArgs":false} {"metadata":{"emulator":{"name":"ui"},"message":"Starting Emulator UI with command {\"binary\":\"node\",\"args\":[\"C:\\\\Users\\\\jobrown\\\\.cache\\\\firebase\\\\emulators\\\\ui-v1.1.1\\\\server.bundle.js\"],\"optionalArgs\":[],\"joinArgs\":false}"}}
[info] i  ui: Emulator UI logging to ui-debug.log {"metadata":{"emulator":{"name":"ui"},"message":"Emulator UI logging to \u001b[1mui-debug.log\u001b[22m"}}
[debug] [2020-09-14T15:13:03.357Z] Web / API server started at http://localhost:4000
 {"metadata":{"emulator":{"name":"ui"},"message":"Web / API server started at http://localhost:4000\n"}}
[info] i  functions: Watching "C:\Users\jobrown\Desktop\amazon-clone\amazon-clone\functions" for Cloud Functions... {"metadata":{"emulator":{"name":"functions"},"message":"Watching \"C:\\Users\\jobrown\\Desktop\\amazon-clone\\amazon-clone\\functions\" for Cloud Functions..."}}
[debug] [2020-09-14T15:13:03.507Z] [worker-pool] addWorker(~diagnostic~) {"metadata":{"emulator":{"name":"functions"},"message":"[worker-pool] addWorker(~diagnostic~)"}}
[debug] [2020-09-14T15:13:03.508Z] [worker-pool] Adding worker with key ~diagnostic~, total=1 {"metadata":{"emulator":{"name":"functions"},"message":"[worker-pool] Adding worker with key ~diagnostic~, total=1"}}
[debug] [2020-09-14T15:13:03.508Z] [worker-pool] submitWork(triggerId=) {"metadata":{"emulator":{"name":"functions"},"message":"[worker-pool] submitWork(triggerId=)"}}
[debug] [2020-09-14T15:13:03.508Z] [worker-~diagnostic~-b5a84ec7-b4cc-4330-bbc8-afd9309f87f9]: Assigning socketPath: \\?\pipe\C:\Users\jobrown\Desktop\amazon-clone\amazon-clone\functions\13772 {"metadata":{"emulator":{"name":"functions"},"message":"[worker-~diagnostic~-b5a84ec7-b4cc-4330-bbc8-afd9309f87f9]: Assigning socketPath: \\\\?\\pipe\\C:\\Users\\jobrown\\Desktop\\amazon-clone\\amazon-clone\\functions\\13772"}}
[debug] [2020-09-14T15:13:03.508Z] [worker-~diagnostic~-b5a84ec7-b4cc-4330-bbc8-afd9309f87f9]: BUSY {"metadata":{"emulator":{"name":"functions"},"message":"[worker-~diagnostic~-b5a84ec7-b4cc-4330-bbc8-afd9309f87f9]: BUSY"}}
[debug] [2020-09-14T15:13:03.878Z] [runtime-status] [13772] Functions runtime initialized. {"cwd":"C:\\Users\\jobrown\\Desktop\\amazon-clone\\amazon-clone\\functions","node_version":"14.9.0"} {"metadata":{"emulator":{"name":"functions"},"message":"[runtime-status] [13772] Functions runtime initialized. {\"cwd\":\"C:\\\\Users\\\\jobrown\\\\Desktop\\\\amazon-clone\\\\amazon-clone\\\\functions\",\"node_version\":\"14.9.0\"}"}}
[debug] [2020-09-14T15:13:03.880Z] [runtime-status] [13772] Disabled runtime features: undefined {"metadata":{"emulator":{"name":"functions"},"message":"[runtime-status] [13772] Disabled runtime features: undefined"}}
[debug] [2020-09-14T15:13:03.885Z] [runtime-status] [13772] Resolved module firebase-admin {"declared":true,"installed":true,"version":"8.13.0","resolution":"C:\\Users\\jobrown\\Desktop\\amazon-clone\\amazon-clone\\functions\\node_modules\\firebase-admin\\lib\\index.js"} {"metadata":{"emulator":{"name":"functions"},"message":"[runtime-status] [13772] Resolved module firebase-admin {\"declared\":true,\"installed\":true,\"version\":\"8.13.0\",\"resolution\":\"C:\\\\Users\\\\jobrown\\\\Desktop\\\\amazon-clone\\\\amazon-clone\\\\functions\\\\node_modules\\\\firebase-admin\\\\lib\\\\index.js\"}"}}
[debug] [2020-09-14T15:13:03.887Z] [runtime-status] [13772] Resolved module firebase-functions {"declared":true,"installed":true,"version":"3.11.0","resolution":"C:\\Users\\jobrown\\Desktop\\amazon-clone\\amazon-clone\\functions\\node_modules\\firebase-functions\\lib\\index.js"} {"metadata":{"emulator":{"name":"functions"},"message":"[runtime-status] [13772] Resolved module firebase-functions {\"declared\":true,\"installed\":true,\"version\":\"3.11.0\",\"resolution\":\"C:\\\\Users\\\\jobrown\\\\Desktop\\\\amazon-clone\\\\amazon-clone\\\\functions\\\\node_modules\\\\firebase-functions\\\\lib\\\\index.js\"}"}}
[debug] [2020-09-14T15:13:03.888Z] [runtime-status] [13772] Resolved module firebase-functions {"declared":true,"installed":true,"version":"3.11.0","resolution":"C:\\Users\\jobrown\\Desktop\\amazon-clone\\amazon-clone\\functions\\node_modules\\firebase-functions\\lib\\index.js"} {"metadata":{"emulator":{"name":"functions"},"message":"[runtime-status] [13772] Resolved module firebase-functions {\"declared\":true,\"installed\":true,\"version\":\"3.11.0\",\"resolution\":\"C:\\\\Users\\\\jobrown\\\\Desktop\\\\amazon-clone\\\\amazon-clone\\\\functions\\\\node_modules\\\\firebase-functions\\\\lib\\\\index.js\"}"}}
[debug] [2020-09-14T15:13:03.890Z] [runtime-status] [13772] Outgoing network have been stubbed. [{"name":"http","status":"mocked"},{"name":"http","status":"mocked"},{"name":"https","status":"mocked"},{"name":"https","status":"mocked"},{"name":"net","status":"mocked"}] {"metadata":{"emulator":{"name":"functions"},"message":"[runtime-status] [13772] Outgoing network have been stubbed. [{\"name\":\"http\",\"status\":\"mocked\"},{\"name\":\"http\",\"status\":\"mocked\"},{\"name\":\"https\",\"status\":\"mocked\"},{\"name\":\"https\",\"status\":\"mocked\"},{\"name\":\"net\",\"status\":\"mocked\"}]"}}
[debug] [2020-09-14T15:13:03.891Z] [runtime-status] [13772] Resolved module firebase-functions {"declared":true,"installed":true,"version":"3.11.0","resolution":"C:\\Users\\jobrown\\Desktop\\amazon-clone\\amazon-clone\\functions\\node_modules\\firebase-functions\\lib\\index.js"} {"metadata":{"emulator":{"name":"functions"},"message":"[runtime-status] [13772] Resolved module firebase-functions {\"declared\":true,\"installed\":true,\"version\":\"3.11.0\",\"resolution\":\"C:\\\\Users\\\\jobrown\\\\Desktop\\\\amazon-clone\\\\amazon-clone\\\\functions\\\\node_modules\\\\firebase-functions\\\\lib\\\\index.js\"}"}}
[debug] [2020-09-14T15:13:03.939Z] [runtime-status] [13772] Checked functions.config() {"config":{}} {"metadata":{"emulator":{"name":"functions"},"message":"[runtime-status] [13772] Checked functions.config() {\"config\":{}}"}}
[debug] [2020-09-14T15:13:03.940Z] [runtime-status] [13772] firebase-functions has been stubbed. {"functionsResolution":{"declared":true,"installed":true,"version":"3.11.0","resolution":"C:\\Users\\jobrown\\Desktop\\amazon-clone\\amazon-clone\\functions\\node_modules\\firebase-functions\\lib\\index.js"}} {"metadata":{"emulator":{"name":"functions"},"message":"[runtime-status] [13772] firebase-functions has been stubbed. {\"functionsResolution\":{\"declared\":true,\"installed\":true,\"version\":\"3.11.0\",\"resolution\":\"C:\\\\Users\\\\jobrown\\\\Desktop\\\\amazon-clone\\\\amazon-clone\\\\functions\\\\node_modules\\\\firebase-functions\\\\lib\\\\index.js\"}}"}}
[debug] [2020-09-14T15:13:03.940Z] [runtime-status] [13772] Resolved module firebase-functions {"declared":true,"installed":true,"version":"3.11.0","resolution":"C:\\Users\\jobrown\\Desktop\\amazon-clone\\amazon-clone\\functions\\node_modules\\firebase-functions\\lib\\index.js"} {"metadata":{"emulator":{"name":"functions"},"message":"[runtime-status] [13772] Resolved module firebase-functions {\"declared\":true,\"installed\":true,\"version\":\"3.11.0\",\"resolution\":\"C:\\\\Users\\\\jobrown\\\\Desktop\\\\amazon-clone\\\\amazon-clone\\\\functions\\\\node_modules\\\\firebase-functions\\\\lib\\\\index.js\"}"}}
[debug] [2020-09-14T15:13:03.941Z] [runtime-status] [13772] Resolved module firebase-admin {"declared":true,"installed":true,"version":"8.13.0","resolution":"C:\\Users\\jobrown\\Desktop\\amazon-clone\\amazon-clone\\functions\\node_modules\\firebase-admin\\lib\\index.js"} {"metadata":{"emulator":{"name":"functions"},"message":"[runtime-status] [13772] Resolved module firebase-admin {\"declared\":true,\"installed\":true,\"version\":\"8.13.0\",\"resolution\":\"C:\\\\Users\\\\jobrown\\\\Desktop\\\\amazon-clone\\\\amazon-clone\\\\functions\\\\node_modules\\\\firebase-admin\\\\lib\\\\index.js\"}"}}
[debug] [2020-09-14T15:13:03.941Z] [runtime-status] [13772] Resolved module firebase-functions {"declared":true,"installed":true,"version":"3.11.0","resolution":"C:\\Users\\jobrown\\Desktop\\amazon-clone\\amazon-clone\\functions\\node_modules\\firebase-functions\\lib\\index.js"} {"metadata":{"emulator":{"name":"functions"},"message":"[runtime-status] [13772] Resolved module firebase-functions {\"declared\":true,\"installed\":true,\"version\":\"3.11.0\",\"resolution\":\"C:\\\\Users\\\\jobrown\\\\Desktop\\\\amazon-clone\\\\amazon-clone\\\\functions\\\\node_modules\\\\firebase-functions\\\\lib\\\\index.js\"}"}}
[debug] [2020-09-14T15:13:03.942Z] [runtime-status] [13772] firebase-admin has been stubbed. {"adminResolution":{"declared":true,"installed":true,"version":"8.13.0","resolution":"C:\\Users\\jobrown\\Desktop\\amazon-clone\\amazon-clone\\functions\\node_modules\\firebase-admin\\lib\\index.js"}} {"metadata":{"emulator":{"name":"functions"},"message":"[runtime-status] [13772] firebase-admin has been stubbed. {\"adminResolution\":{\"declared\":true,\"installed\":true,\"version\":\"8.13.0\",\"resolution\":\"C:\\\\Users\\\\jobrown\\\\Desktop\\\\amazon-clone\\\\amazon-clone\\\\functions\\\\node_modules\\\\firebase-admin\\\\lib\\\\index.js\"}}"}}
[info] +  functions[api]: http function initialized (http://localhost:5001/clone-d0217/us-central1/api). {"metadata":{"emulator":{"name":"functions"},"message":"\u001b[1mhttp\u001b[22m function initialized (http://localhost:5001/clone-d0217/us-central1/api)."}}
[info] 
┌───────────────────────────────────────────────────────────────────────┐
│ ✔  All emulators ready! View status and logs at http://localhost:4000 │
└───────────────────────────────────────────────────────────────────────┘

┌───────────┬────────────────┬─────────────────────────────────┐
│ Emulator  │ Host:Port      │ View in Emulator UI             │
├───────────┼────────────────┼─────────────────────────────────┤
│ Functions │ localhost:5001 │ http://localhost:4000/functions │
├───────────┼────────────────┼─────────────────────────────────┤
│ Hosting   │ localhost:5000 │ n/a                             │
└───────────┴────────────────┴─────────────────────────────────┘
  Other reserved ports: 4400, 4500

Issues? Report them at https://github.com/firebase/firebase-tools/issues and attach the *-debug.log files.
 
[debug] [2020-09-14T15:13:04.110Z] [worker-~diagnostic~-b5a84ec7-b4cc-4330-bbc8-afd9309f87f9]: IDLE {"metadata":{"emulator":{"name":"functions"},"message":"[worker-~diagnostic~-b5a84ec7-b4cc-4330-bbc8-afd9309f87f9]: IDLE"}}
[debug] [2020-09-14T15:18:41.220Z] Received signal SIGHUP 1
